
.@ i d e b l d 

.copy EM.SYS SY:
 Files copied:
DK:EM.SYS      to SY:EM.SYS
?PIP-W-Reboot

.SET EM ON

.

.mac p16+p16bot/obj/list

.mac p16+p16rst/obj/list

.mac p16+p16kbe/obj/list

.mac p16+ide/obj/list

.

.mac wd/list

.lin wd/map

.

.mac vt/list

.lin vt/map

.

.mac p16+p16ini+p16hlt/obj/list

.

.mac p16+p16sub+p16cal/obj/list

.

.mac p16+p16fis/obj/list

.

.mac p16+p16clk/obj/list

.

.mac p16+p16vdc/obj/list

.

.mac p16+p16dbg/obj/list

.

.mac p16unp/obj/list

.

.

.lin/map:p16p/exe:p16p/prompt
Files? p16bot
*p16rst
*p16kbe
*ide
*//

.cop/con p16p.sav,wd.sav,vt.sav t.t

.ru pl
:: t.t    9166      0      0      0      0
      0 ---      0      0      0      0      0      0      0
      0 ---      0      0      0      0      0      0      0      0
      0 ---      0      0      0      0      0      0      0      0
  14080   9167
    531    446    135      6
    728    588     16      6
    929    730      1      6
    984    786     48      6
   1009    805     48      8
   1033    824     48      7
   1058    846     48      7
   1082    866     48      7
   1107    887     48      7
   1174    950    195     10
   1592   1282     69      8
   1656   1320    147     10
   1672   1323     79     14
   1731   1360   1721      8
   1818   1408    220     19
   1852   1427     38      8
   1878   1439     64     14
   1912   1455     33     14
   2098   1595    575     14
   2200   1636    184     38
   2400   1764    547     14
   2485   1817     12      9
   2696   1964    182      7
   2706   1968    185      6
   2733   1981    173      8
   2866   2063      7      6
   2961   2116   1304     10
   3111   2203    108     10
   3138   2212   1224     17
   3196   2234      0     31
   3235   2258    117      6
   3246   2261     88      8
   3285   2266      0     31
   3296   2267     88     11
   3328   2271    184     26
   3347   2278    117      9
   3392   2297     31     14
   3411   2300     31     18
   3438   2313   1653      8
   3489   2334      0     25
   3511   2350      7      8
   3947   2690      0     12
   4052   2766     21     19
   4077   2771     23     21
   4101   2775     23     21
   4180   2828    211     10
   4210   2842    199      6
   4243   2861     24      7
   4268   2869     24      9
   4293   2876     24      9
   4341   2897    160     10
   4420   2907    159     61
   4472   2909    160     51
   4526   2950    698      7
   4596   3002     11      7
   4775   3133     91      6
   4965   3276     21     10
   5149   3411    363      6
   5208   3445   1376     12
   5296   3505      0     18
   5337   3523      2     21
   5364   3536     50     12
   5627   3723     22      6
   5637   3726     20      6
   5724   3790      3      8
   5748   3801      9      9
   6036   4013      7      8
   6125   4087     25      6
   6139   4095     25      6
   6151   4100     62      6
   6162   4104     36      6
   6177   4112     62      7
   6188   4116     25      7
   6203   4121     25     10
   6214   4125     88      7
   6228   4130     88      9
   6275   4160   1068     10
   6295   4169     52      9
   6325   4170     38     30
   6334   4171     77      9
   6432   4244     17      7
   7327   4802      0     19
   7340   4807   4305      6
   7360   4822     24      6
   7453   4875     82      7
   7493   4886      2     26
   7533   4890      3     35
   7544   4894     95      6
   7564   4905     15      6
   8206   5378      8      6
   8215   5380      8      8
   8224   5381      8      8
   8638   5648     21      6
   8821   5793   3611     10
   8868   5827   5431      6
   8912   5856    434      8
   9007   5878      7     72
   9149   5976    280      6
   9166   5988   1238   1450      0
    924 ---    544    332     44      4   2688   3178   3301
      0 ---      0      0      0      0      0      0      0      0
   4102 ---    928    859    592    498    386    546    293      0
      0      8     10     11     19     21     23     25     53    117    154    156    159    160    161    162    163    164    165    166    167    168    169    170    171    239    257    286    288    290    292    296    300    311    388    441    835   1205   1233   1262   1263   1269   1340   1347   1349   1351   1354   1360   1394   1403   1415   1699   1700   1707   1709   1711   1715   1719   1730   1818   1830   1978   1995   2163   2180   2425   2514   2700   2849   2857   2865   2867   2873   2882   2884   2890   2899   2908   2917   3448   3449   3450   3451   3458   3460   3461   3462   3488   3489   3490   3491   3512   3513   3517   3518   3521   3523   3524   3527   3530   3720   3723   3807   3974   3990   3998   4004   4010   4122   4186   4199   4204   4323   4347   4354   4359   4364   4484   4507   4509   4805   4814   5174   5175   5176   5188   5190   5191   5192   5193   5194   5220   5337   5339   5348   5367   5372   5377   5379   5425   5542   5814   5815   5817   5824   5825   5831   5842   5861   5869   5881   5935   5943   5986   6015   6107   6133   6170   6196   6222   6333   6334   6335   6342   6344   6345   6347   6356   6360   6388   6405   6408   6414   6420   6421   6422   6423   6437   6455   6458   6463   6467   6469   6473   6475   6479   6483   6486   6490   6492   6496   6500   6503   6506   6508   6509   6510   6514   6518   6522   6526   6530   6534   6538   6542   6546   6550   6554   6555   6556   6557   6563   6564   6565   6569   6573   6577   6581   6585   6589   6593   6597   6601   6605   6609   6613   6617   6621   6625   6629   6633   6637   6641   6650   6654   6658   6662   6666   6670   6674   6678   6682   6686   6690   6694   6697   6700   6703   6707   6710   6714   6717   6721   6729   6733   6742   6746   6749   6752   6755   6759   6763   6766   6769   6773   6776   6779   6782   6785   6789   6792   6796   6800   6804   6806   6814   6817   6831   6834   6838   6844   6847   6854   6857   6867   6870   6874   6881   6884   6886   6891   6903   6938   6941   6947   6950   6951   6956   6967   6982   6998   7002   7006   7010   7014   7023   7027   7031   7035   7039   7043   7047   7051   7055   7059   7063   7067   7071   7075   7079   7083   7087   7096   7100   7109   7113   7117   7121   7125   7129   7132   7135   7138   7141   7145   7148   7151   7154   7157   7161   7164   7167   7170   7173   7176   7179   7183   7186   7189   7198   7201   7205   7208   7211   7215   7218   7221   7224   7227   7230   7233   7237   7241   7244   7250   7253   7256   7259   7273   7276   7280   7285   7287   7291   7372   7457   8621   8712   8715   8716   8717   8721   8790   8791   9019   9040   9166   9166   6180   1238   1450      0
    924 ---    544    332     44      4   2688   3178   3301
    387 ---    247     82     34     24      0      0      0      0
   4595 ---   1161   1035    655    519    386    546    293      0
--------  14080      0   6180    0.4389

.mac p16prc/obj:p16prc
    775 030114  030114                  .print .-prc$$$

.

.lin/map:p16/exe:p16/prompt
Files? p16hlt
*p16cal
*p16fis
*p16clk
*p16vdc
*p16dbg
*p16unp
*p16prc
*//

.ty p16.map
RT-11 LINK  V05.45      Load Map        Friday 30-Nov-2018 09:49  Page 1
P16   .SAV      Title:  .MAIN.  Ident:          

Section  Addr   Size    Global  Value   Global  Value   Global  Value

 . ABS.  000000 002742 = 753.    words  (RW,I,GBL,ABS,OVR)
                        M.INIT  000001  B.EF0   000001  M.FLOP  000002  
                        B.EF1   000002  B.INT   000004  C.HLT   000004  
                        M.RCRD  000004  C.IRQ   000010  SEMLEN  000010  
                        M.TRRD  000010  LF      000012  REGLEN  000014  
                        CR      000015  M.KBD   000020  M.SCRN  000040  
                        V.LOW   000060  VECLEN  000064  M.PRRD  000100  
                        DCTBL   000100  PROLEN  000106  M.SLOT  000200  
                        I.HLT   000200  VDTBL   000300  M.TIO   000400  
                        V.HIGH  000500  VHLT    001550  PUT.SC  002330  
                        SCHEDU  002340  EXIT    002570  M.RUN   040000  
                        M.VRQ   100000  L.REG   140000  L.RDA   150000  
                        PICCSR  161000  PICMR   161002  SNDC0R  161010  
                        SNDC1R  161012  SNDC2R  161014  SNDCSR  161016  
                        SNLC0R  161020  SNLC1R  161022  SNLC2R  161024  
                        SNLCSR  161026  PPIA    161030  PPIB    161032  
                        PPIC    161034  PPIP    161036  DLBUF   161060  
                        DLCS    161062  KBDBUF  161064  KBDCSR  161066  
                        HR0     161200  HR1     161202  HR2     161204  
                        HR3     161206  HR4     161210  HR5     161212  
                        HR6     161214  HR7     161216  UR0     161220  
                        UR1     161222  UR2     161224  UR3     161226  
                        UR4     161230  UR5     161232  UR6     161234  
                        UR7     161236  DC1BUF  174100  DC2BUF  174102  
                        DC3BUF  174104  
         002742 037014 = 7942.   words  (RW,I,LCL,REL,CON)
                        REMOVE  002742  PUTPRI  002756  PUT     003002  
                        MAPADR  003060  PRDADR  003160  SET.IN  003300  
                        RES.IN  003340  INITSE  003370  RELSEM  003456  
                        WAITSE  003470  SIGSEM  003520  SETPRI  003542  
                        PROVEC  003570  UNPVEC  003634  PROREG  003654  
                        UNPREG  004050  WAITIN  004100  NEWROM  004220  
                        SETINT  004314  RESINT  004322  GET4K   004330  
                        GET8K   004506  FREMEM  004720  FREE4K  004722  
                        PUTBMA  005046  GETBMA  005072  GETSMA  005104  
                        HIMPRI  005140  NEWPRO  005176  MTHLT   005264  
                        MFHLT   005272  KILPRO  005302  GETPDS  005534  
                        PUTPDS  005604  GETRDS  005646  PUTRDS  005716  
                        GETPAR  005756  PUTPAR  006030  FIS     006076  
                        CLKINI  007022  VDPINI  007236  KDC3    010024  
                        $$KDC3  010104  DBG00   010176  DBG     010216  
                        UNPACK  011070  PRC$$$  011642  

Transfer address = 000001, High limit = 041754 = 8694.   words


..