.MAIN.	MACRO V05.06R Wednesday 28-Nov-18 10:57
Table of contents

    2- 462	common definitions for bios monitor
.MAIN.	MACRO V05.06R Wednesday 28-Nov-18 10:57  Page 1


      1					.enabl  lc
      2					.enabl	ama
      3					.enabl  gbl
      4					.mcall	.push,.pop
.MAIN.	MACRO V05.06R Wednesday 28-Nov-18 10:57  Page 4
Common definitions for bios monitor

    198	000732	000652 			.print .-dbg
Errors detected:  0

*** Assembler statistics


Work  file  reads: 0
Work  file writes: 0
Size of work file: 9845 Words  ( 39 Pages)
Size of core pool: 16384 Words  ( 64 Pages)
Operating  system: RT-11

Elapsed time: 00:00:00.07
DK:P16DBG,DK:P16DBG=DK:P16,DK:P16DBG
